#
# A fatal error has been detected by the Java Runtime Environment:
#
#  EXCEPTION_ACCESS_VIOLATION (0xc0000005) at pc=0x00007ffa6425dfe8, pid=14276, tid=6672
#
# JRE version: Java(TM) SE Runtime Environment (15.0+36) (build 15+36-1562)
# Java VM: Java HotSpot(TM) 64-Bit Server VM (15+36-1562, mixed mode, sharing, tiered, compressed oops, g1 gc, windows-amd64)
# Problematic frame:
# V  [jvm.dll+0x20dfe8]
#
# No core dump will be written. Minidumps are not enabled by default on client versions of Windows
#
# If you would like to submit a bug report, please visit:
#   https://bugreport.java.com/bugreport/crash.jsp
#

---------------  S U M M A R Y ------------

Command Line: -agentlib:jdwp=transport=dt_socket,address=127.0.0.1:55176,suspend=y,server=n -javaagent:C:\Users\lucas\AppData\Local\JetBrains\IntelliJIdea2020.2\captureAgent\debugger-agent.jar -Dfile.encoding=UTF-8 calc.Calc test/redFuncs.calc

Host: AMD Ryzen 5 3600 6-Core Processor              , 12 cores, 15G,  Windows 10 , 64 bit Build 19041 (10.0.19041.662)
Time: Fri Jan 22 00:27:59 2021 Paris, Madrid elapsed time: 982.858762 seconds (0d 0h 16m 22s)

---------------  T H R E A D  ---------------

Current thread (0x0000017e69d4c510):  JavaThread "JDWP Transport Listener: dt_socket" daemon [_thread_in_vm, id=6672, stack(0x0000005e75700000,0x0000005e75800000)] _threads_hazard_ptr=0x0000017e69d34750

Stack: [0x0000005e75700000,0x0000005e75800000],  sp=0x0000005e757fe9f8,  free space=1018k
Native frames: (J=compiled Java code, j=interpreted, Vv=VM code, C=native code)
V  [jvm.dll+0x20dfe8]


siginfo: EXCEPTION_ACCESS_VIOLATION (0xc0000005), reading address 0x0000017e69947ee8


Register to memory mapping:

RIP=0x00007ffa6425dfe8 jvm.dll
RAX=0x0000000000194100 is an unknown value
RBX=0x0000017e697b3208 is pointing into metadata
RCX=0x0000017e697b3de8 is pointing into metadata
RDX=0x000000000000ca07 is an unknown value
RSP=0x0000005e757fe9f8 is pointing into the stack for thread: 0x0000017e69d4c510
RBP=0x0000005e757feb30 is pointing into the stack for thread: 0x0000017e69d4c510
RSI=0x0000000000000001 is an unknown value
RDI=0x0000005e757ff140 is pointing into the stack for thread: 0x0000017e69d4c510
R8 =0x0 is NULL
R9 =0x0000017e697b3208 is pointing into metadata
R10=0x0000005e757ff140 is pointing into the stack for thread: 0x0000017e69d4c510
R11=0x0000017e69e66140 points into unknown readable memory: 0x460000124600002b | 2b 00 00 46 12 00 00 46
R12=0x00007ffa64050000 jvm.dll
R13=0x0000017e69e660c0 points into unknown readable memory: 0x0000001200000000 | 00 00 00 00 12 00 00 00
R14=0x0000017e697b384f is pointing into metadata
R15=0x0000000000000045 is an unknown value


Registers:
RAX=0x0000000000194100, RBX=0x0000017e697b3208, RCX=0x0000017e697b3de8, RDX=0x000000000000ca07
RSP=0x0000005e757fe9f8, RBP=0x0000005e757feb30, RSI=0x0000000000000001, RDI=0x0000005e757ff140
R8 =0x0000000000000000, R9 =0x0000017e697b3208, R10=0x0000005e757ff140, R11=0x0000017e69e66140
R12=0x00007ffa64050000, R13=0x0000017e69e660c0, R14=0x0000017e697b384f, R15=0x0000000000000045
RIP=0x00007ffa6425dfe8, EFLAGS=0x0000000000010216

Top of Stack: (sp=0x0000005e757fe9f8)
0x0000005e757fe9f8:   00007ffa6425e06e 0000000000000001
0x0000005e757fea08:   0000000000000000 00000008004000a0
0x0000005e757fea18:   0000000000000000 0000005e757fefb0
0x0000005e757fea28:   00007ffa6434f884 0000000000000000
0x0000005e757fea38:   0000000000000000 0000000000000000
0x0000005e757fea48:   0000000000000000 0000000000000000
0x0000005e757fea58:   0000000000000000 0000000800405c28
0x0000005e757fea68:   000000000000000e 0000000000000000
0x0000005e757fea78:   0000005e757fead0 0000000000000001
0x0000005e757fea88:   0000000800405c28 0000000300000002
0x0000005e757fea98:   0000000000000003 000000030000000e
0x0000005e757feaa8:   00000008004000a0 0000000000000000
0x0000005e757feab8:   0000000000000000 0000000000000000
0x0000005e757feac8:   0000000000000000 4fffffff4fffffff
0x0000005e757fead8:   0000000000000000 0000000000000000
0x0000005e757feae8:   0000000000000000 0000000000000000 

Instructions: (pc=0x00007ffa6425dfe8)
0x00007ffa6425dee8:   03 03 03 03 03 03 03 03 03 03 03 03 03 03 03 03
0x00007ffa6425def8:   03 03 03 03 03 03 03 03 03 03 03 03 03 03 03 03
0x00007ffa6425df08:   03 03 03 03 03 03 03 03 03 03 03 03 03 03 03 03
0x00007ffa6425df18:   03 03 03 03 03 03 03 03 03 03 03 03 03 03 03 03
0x00007ffa6425df28:   03 03 03 02 03 03 02 cc 48 89 5c 24 08 48 89 74
0x00007ffa6425df38:   24 10 57 48 83 ec 20 48 63 da 41 0f b6 f0 48 8b
0x00007ffa6425df48:   f9 85 d2 79 24 4c 8d 0d 1c 80 66 00 ba af 02 00
0x00007ffa6425df58:   00 4c 8d 05 48 80 66 00 48 8d 0d c1 7f 66 00 e8
0x00007ffa6425df68:   54 79 00 00 e8 8f ba 41 00 40 84 f6 75 18 48 8b
0x00007ffa6425df78:   4f 10 48 85 c9 74 0f 48 8d 43 01 48 c1 e0 05 48
0x00007ffa6425df88:   8b 04 08 0f b7 d8 48 8b 74 24 38 48 63 c3 48 8b
0x00007ffa6425df98:   5c 24 30 0f b7 44 c7 48 48 83 c4 20 5f c3 cc cc
0x00007ffa6425dfa8:   cc cc cc cc cc cc cc cc 4c 8b c9 45 84 c0 75 41
0x00007ffa6425dfb8:   48 8b 49 10 48 85 c9 74 38 85 d2 79 19 f7 d2 8b
0x00007ffa6425dfc8:   c2 48 ff c0 48 c1 e0 05 48 8b 04 08 0f b7 c8 41
0x00007ffa6425dfd8:   0f b7 44 c9 4a c3 48 63 c2 48 ff c0 48 c1 e0 05
0x00007ffa6425dfe8:   48 8b 04 08 0f b7 d0 48 63 c2 41 0f b7 44 c1 4a
0x00007ffa6425dff8:   c3 49 8b 41 08 4c 63 c2 42 0f b6 44 00 04 8d 48
0x00007ffa6425e008:   ef 80 f9 01 76 0e 3c 6a 74 0a 48 63 c2 41 0f b7
0x00007ffa6425e018:   44 c1 4a c3 43 0f b7 44 c1 4a c3 cc cc cc cc cc
0x00007ffa6425e028:   cc cc cc cc cc cc cc cc 40 53 48 83 ec 20 48 8b
0x00007ffa6425e038:   d9 e8 72 ff ff ff 48 63 d0 0f b7 44 d3 48 48 8b
0x00007ffa6425e048:   44 c3 48 48 83 c4 20 5b c3 cc cc cc cc cc cc cc
0x00007ffa6425e058:   cc cc cc cc cc cc cc cc 40 53 48 83 ec 20 48 8b
0x00007ffa6425e068:   d9 e8 42 ff ff ff 48 63 d0 0f b7 44 d3 4a 48 8b
0x00007ffa6425e078:   44 c3 48 48 83 c4 20 5b c3 cc cc cc cc cc cc cc
0x00007ffa6425e088:   cc cc cc cc cc cc cc cc 4c 8b d1 45 84 c9 75 28
0x00007ffa6425e098:   4c 8b 49 10 4d 85 c9 74 1f 45 85 c0 79 08 41 f7
0x00007ffa6425e0a8:   d0 41 8b c0 eb 03 49 63 c0 48 ff c0 48 c1 e0 05
0x00007ffa6425e0b8:   4a 8b 04 08 44 0f b7 c0 49 8b 42 08 49 63 c8 0f
0x00007ffa6425e0c8:   b6 4c 08 04 48 8b c2 88 0a c3 cc cc cc cc cc cc
0x00007ffa6425e0d8:   cc cc cc cc cc cc cc cc 40 56 57 41 54 41 56 41 


Stack slot to memory mapping:
stack at sp + 0 slots: 0x00007ffa6425e06e jvm.dll
stack at sp + 1 slots: 0x0000000000000001 is an unknown value
stack at sp + 2 slots: 0x0 is NULL
stack at sp + 3 slots: 0x00000008004000a0 is pointing into metadata
stack at sp + 4 slots: 0x0 is NULL
stack at sp + 5 slots: 0x0000005e757fefb0 is pointing into the stack for thread: 0x0000017e69d4c510
stack at sp + 6 slots: 0x00007ffa6434f884 jvm.dll
stack at sp + 7 slots: 0x0 is NULL


---------------  P R O C E S S  ---------------

Threads class SMR info:
_java_thread_list=0x0000017e69d34750, length=14, elements={
0x0000017e45797980, 0x0000017e6938e940, 0x0000017e69b90590, 0x0000017e69ba57e0,
0x0000017e69ba80b0, 0x0000017e69ba9a70, 0x0000017e69baa750, 0x0000017e69bae6f0,
0x0000017e69bc08d0, 0x0000017e69cc6080, 0x0000017e69d4c510, 0x0000017e69d1f770,
0x0000017e69d8bcf0, 0x0000017e69e82930
}

Java Threads: ( => current thread )
  0x0000017e45797980 JavaThread "main" [_thread_blocked, id=16804, stack(0x0000005e74700000,0x0000005e74800000)]
  0x0000017e6938e940 JavaThread "Reference Handler" daemon [_thread_blocked, id=992, stack(0x0000005e74e00000,0x0000005e74f00000)]
  0x0000017e69b90590 JavaThread "Finalizer" daemon [_thread_blocked, id=2580, stack(0x0000005e74f00000,0x0000005e75000000)]
  0x0000017e69ba57e0 JavaThread "Signal Dispatcher" daemon [_thread_blocked, id=6084, stack(0x0000005e75000000,0x0000005e75100000)]
  0x0000017e69ba80b0 JavaThread "Attach Listener" daemon [_thread_blocked, id=13200, stack(0x0000005e75100000,0x0000005e75200000)]
  0x0000017e69ba9a70 JavaThread "Service Thread" daemon [_thread_blocked, id=16512, stack(0x0000005e75200000,0x0000005e75300000)]
  0x0000017e69baa750 JavaThread "C2 CompilerThread0" daemon [_thread_blocked, id=1564, stack(0x0000005e75300000,0x0000005e75400000)]
  0x0000017e69bae6f0 JavaThread "C1 CompilerThread0" daemon [_thread_blocked, id=10976, stack(0x0000005e75400000,0x0000005e75500000)]
  0x0000017e69bc08d0 JavaThread "Sweeper thread" daemon [_thread_blocked, id=8368, stack(0x0000005e75500000,0x0000005e75600000)]
  0x0000017e69cc6080 JavaThread "Common-Cleaner" daemon [_thread_blocked, id=3040, stack(0x0000005e75600000,0x0000005e75700000)]
=>0x0000017e69d4c510 JavaThread "JDWP Transport Listener: dt_socket" daemon [_thread_in_vm, id=6672, stack(0x0000005e75700000,0x0000005e75800000)]
  0x0000017e69d1f770 JavaThread "JDWP Event Helper Thread" daemon [_thread_blocked, id=11564, stack(0x0000005e75800000,0x0000005e75900000)]
  0x0000017e69d8bcf0 JavaThread "JDWP Command Reader" daemon [_thread_in_native, id=660, stack(0x0000005e75900000,0x0000005e75a00000)]
  0x0000017e69e82930 JavaThread "Notification Thread" daemon [_thread_blocked, id=9244, stack(0x0000005e75a00000,0x0000005e75b00000)]

Other Threads:
  0x0000017e6938a1a0 VMThread "VM Thread" [stack: 0x0000005e74d00000,0x0000005e74e00000] [id=6888]
  0x0000017e45798ba0 WatcherThread [stack: 0x0000005e75b00000,0x0000005e75c00000] [id=16784]
  0x0000017e457e9000 GCTaskThread "GC Thread#0" [stack: 0x0000005e74800000,0x0000005e74900000] [id=11164]
  0x0000017e457f9fa0 ConcurrentGCThread "G1 Main Marker" [stack: 0x0000005e74900000,0x0000005e74a00000] [id=13320]
  0x0000017e457fb230 ConcurrentGCThread "G1 Conc#0" [stack: 0x0000005e74a00000,0x0000005e74b00000] [id=13536]
  0x0000017e4586d5a0 ConcurrentGCThread "G1 Refine#0" [stack: 0x0000005e74b00000,0x0000005e74c00000] [id=3228]
  0x0000017e4586e0a0 ConcurrentGCThread "G1 Young RemSet Sampling" [stack: 0x0000005e74c00000,0x0000005e74d00000] [id=4360]

Threads with active compile tasks:

VM state: not at safepoint (normal execution)

VM Mutex/Monitor currently owned by a thread: None

Heap address: 0x0000000700a00000, size: 4086 MB, Compressed Oops mode: Zero based, Oop shift amount: 3
CDS archive(s) mapped at: [0x0000000800000000-0x0000000800b50000-0x0000000800b50000), size 11862016, SharedBaseAddress: 0x0000000800000000, ArchiveRelocationMode: 0.
Compressed class space mapped at: 0x0000000800b50000-0x0000000840b50000, size: 1073741824
Narrow klass base: 0x0000000800000000, Narrow klass shift: 3, Narrow klass range: 0x100000000

GC Precious Log:
 CPUs: 12 total, 12 available
 Memory: 16336M
 Large Page Support: Disabled
 NUMA Support: Disabled
 Compressed Oops: Enabled (Zero based)
 Heap Region Size: 2M
 Heap Min Capacity: 8M
 Heap Initial Capacity: 256M
 Heap Max Capacity: 4086M
 Pre-touch: Disabled
 Parallel Workers: 10
 Concurrent Workers: 3
 Concurrent Refinement Workers: 10
 Periodic GC: Disabled

Heap:
 garbage-first heap   total 262144K, used 2048K [0x0000000700a00000, 0x0000000800000000)
  region size 2048K, 2 young (4096K), 0 survivors (0K)
 Metaspace       used 639K, capacity 4655K, committed 4864K, reserved 1056768K
  class space    used 57K, capacity 425K, committed 512K, reserved 1048576K

Heap Regions: E=young(eden), S=young(survivor), O=old, HS=humongous(starts), HC=humongous(continues), CS=collection set, F=free, OA=open archive, CA=closed archive, TAMS=top-at-mark-start (previous, next)
|   0|0x0000000700a00000, 0x0000000700a00000, 0x0000000700c00000|  0%| F|  |TAMS 0x0000000700a00000, 0x0000000700a00000| Untracked 
|   1|0x0000000700c00000, 0x0000000700c00000, 0x0000000700e00000|  0%| F|  |TAMS 0x0000000700c00000, 0x0000000700c00000| Untracked 
|   2|0x0000000700e00000, 0x0000000700e00000, 0x0000000701000000|  0%| F|  |TAMS 0x0000000700e00000, 0x0000000700e00000| Untracked 
|   3|0x0000000701000000, 0x0000000701000000, 0x0000000701200000|  0%| F|  |TAMS 0x0000000701000000, 0x0000000701000000| Untracked 
|   4|0x0000000701200000, 0x0000000701200000, 0x0000000701400000|  0%| F|  |TAMS 0x0000000701200000, 0x0000000701200000| Untracked 
|   5|0x0000000701400000, 0x0000000701400000, 0x0000000701600000|  0%| F|  |TAMS 0x0000000701400000, 0x0000000701400000| Untracked 
|   6|0x0000000701600000, 0x0000000701600000, 0x0000000701800000|  0%| F|  |TAMS 0x0000000701600000, 0x0000000701600000| Untracked 
|   7|0x0000000701800000, 0x0000000701800000, 0x0000000701a00000|  0%| F|  |TAMS 0x0000000701800000, 0x0000000701800000| Untracked 
|   8|0x0000000701a00000, 0x0000000701a00000, 0x0000000701c00000|  0%| F|  |TAMS 0x0000000701a00000, 0x0000000701a00000| Untracked 
|   9|0x0000000701c00000, 0x0000000701c00000, 0x0000000701e00000|  0%| F|  |TAMS 0x0000000701c00000, 0x0000000701c00000| Untracked 
|  10|0x0000000701e00000, 0x0000000701e00000, 0x0000000702000000|  0%| F|  |TAMS 0x0000000701e00000, 0x0000000701e00000| Untracked 
|  11|0x0000000702000000, 0x0000000702000000, 0x0000000702200000|  0%| F|  |TAMS 0x0000000702000000, 0x0000000702000000| Untracked 
|  12|0x0000000702200000, 0x0000000702200000, 0x0000000702400000|  0%| F|  |TAMS 0x0000000702200000, 0x0000000702200000| Untracked 
|  13|0x0000000702400000, 0x0000000702400000, 0x0000000702600000|  0%| F|  |TAMS 0x0000000702400000, 0x0000000702400000| Untracked 
|  14|0x0000000702600000, 0x0000000702600000, 0x0000000702800000|  0%| F|  |TAMS 0x0000000702600000, 0x0000000702600000| Untracked 
|  15|0x0000000702800000, 0x0000000702800000, 0x0000000702a00000|  0%| F|  |TAMS 0x0000000702800000, 0x0000000702800000| Untracked 
|  16|0x0000000702a00000, 0x0000000702a00000, 0x0000000702c00000|  0%| F|  |TAMS 0x0000000702a00000, 0x0000000702a00000| Untracked 
|  17|0x0000000702c00000, 0x0000000702c00000, 0x0000000702e00000|  0%| F|  |TAMS 0x0000000702c00000, 0x0000000702c00000| Untracked 
|  18|0x0000000702e00000, 0x0000000702e00000, 0x0000000703000000|  0%| F|  |TAMS 0x0000000702e00000, 0x0000000702e00000| Untracked 
|  19|0x0000000703000000, 0x0000000703000000, 0x0000000703200000|  0%| F|  |TAMS 0x0000000703000000, 0x0000000703000000| Untracked 
|  20|0x0000000703200000, 0x0000000703200000, 0x0000000703400000|  0%| F|  |TAMS 0x0000000703200000, 0x0000000703200000| Untracked 
|  21|0x0000000703400000, 0x0000000703400000, 0x0000000703600000|  0%| F|  |TAMS 0x0000000703400000, 0x0000000703400000| Untracked 
|  22|0x0000000703600000, 0x0000000703600000, 0x0000000703800000|  0%| F|  |TAMS 0x0000000703600000, 0x0000000703600000| Untracked 
|  23|0x0000000703800000, 0x0000000703800000, 0x0000000703a00000|  0%| F|  |TAMS 0x0000000703800000, 0x0000000703800000| Untracked 
|  24|0x0000000703a00000, 0x0000000703a00000, 0x0000000703c00000|  0%| F|  |TAMS 0x0000000703a00000, 0x0000000703a00000| Untracked 
|  25|0x0000000703c00000, 0x0000000703c00000, 0x0000000703e00000|  0%| F|  |TAMS 0x0000000703c00000, 0x0000000703c00000| Untracked 
|  26|0x0000000703e00000, 0x0000000703e00000, 0x0000000704000000|  0%| F|  |TAMS 0x0000000703e00000, 0x0000000703e00000| Untracked 
|  27|0x0000000704000000, 0x0000000704000000, 0x0000000704200000|  0%| F|  |TAMS 0x0000000704000000, 0x0000000704000000| Untracked 
|  28|0x0000000704200000, 0x0000000704200000, 0x0000000704400000|  0%| F|  |TAMS 0x0000000704200000, 0x0000000704200000| Untracked 
|  29|0x0000000704400000, 0x0000000704400000, 0x0000000704600000|  0%| F|  |TAMS 0x0000000704400000, 0x0000000704400000| Untracked 
|  30|0x0000000704600000, 0x0000000704600000, 0x0000000704800000|  0%| F|  |TAMS 0x0000000704600000, 0x0000000704600000| Untracked 
|  31|0x0000000704800000, 0x0000000704800000, 0x0000000704a00000|  0%| F|  |TAMS 0x0000000704800000, 0x0000000704800000| Untracked 
|  32|0x0000000704a00000, 0x0000000704a00000, 0x0000000704c00000|  0%| F|  |TAMS 0x0000000704a00000, 0x0000000704a00000| Untracked 
|  33|0x0000000704c00000, 0x0000000704c00000, 0x0000000704e00000|  0%| F|  |TAMS 0x0000000704c00000, 0x0000000704c00000| Untracked 
|  34|0x0000000704e00000, 0x0000000704e00000, 0x0000000705000000|  0%| F|  |TAMS 0x0000000704e00000, 0x0000000704e00000| Untracked 
|  35|0x0000000705000000, 0x0000000705000000, 0x0000000705200000|  0%| F|  |TAMS 0x0000000705000000, 0x0000000705000000| Untracked 
|  36|0x0000000705200000, 0x0000000705200000, 0x0000000705400000|  0%| F|  |TAMS 0x0000000705200000, 0x0000000705200000| Untracked 
|  37|0x0000000705400000, 0x0000000705400000, 0x0000000705600000|  0%| F|  |TAMS 0x0000000705400000, 0x0000000705400000| Untracked 
|  38|0x0000000705600000, 0x0000000705600000, 0x0000000705800000|  0%| F|  |TAMS 0x0000000705600000, 0x0000000705600000| Untracked 
|  39|0x0000000705800000, 0x0000000705800000, 0x0000000705a00000|  0%| F|  |TAMS 0x0000000705800000, 0x0000000705800000| Untracked 
|  40|0x0000000705a00000, 0x0000000705a00000, 0x0000000705c00000|  0%| F|  |TAMS 0x0000000705a00000, 0x0000000705a00000| Untracked 
|  41|0x0000000705c00000, 0x0000000705c00000, 0x0000000705e00000|  0%| F|  |TAMS 0x0000000705c00000, 0x0000000705c00000| Untracked 
|  42|0x0000000705e00000, 0x0000000705e00000, 0x0000000706000000|  0%| F|  |TAMS 0x0000000705e00000, 0x0000000705e00000| Untracked 
|  43|0x0000000706000000, 0x0000000706000000, 0x0000000706200000|  0%| F|  |TAMS 0x0000000706000000, 0x0000000706000000| Untracked 
|  44|0x0000000706200000, 0x0000000706200000, 0x0000000706400000|  0%| F|  |TAMS 0x0000000706200000, 0x0000000706200000| Untracked 
|  45|0x0000000706400000, 0x0000000706400000, 0x0000000706600000|  0%| F|  |TAMS 0x0000000706400000, 0x0000000706400000| Untracked 
|  46|0x0000000706600000, 0x0000000706600000, 0x0000000706800000|  0%| F|  |TAMS 0x0000000706600000, 0x0000000706600000| Untracked 
|  47|0x0000000706800000, 0x0000000706800000, 0x0000000706a00000|  0%| F|  |TAMS 0x0000000706800000, 0x0000000706800000| Untracked 
|  48|0x0000000706a00000, 0x0000000706a00000, 0x0000000706c00000|  0%| F|  |TAMS 0x0000000706a00000, 0x0000000706a00000| Untracked 
|  49|0x0000000706c00000, 0x0000000706c00000, 0x0000000706e00000|  0%| F|  |TAMS 0x0000000706c00000, 0x0000000706c00000| Untracked 
|  50|0x0000000706e00000, 0x0000000706e00000, 0x0000000707000000|  0%| F|  |TAMS 0x0000000706e00000, 0x0000000706e00000| Untracked 
|  51|0x0000000707000000, 0x0000000707000000, 0x0000000707200000|  0%| F|  |TAMS 0x0000000707000000, 0x0000000707000000| Untracked 
|  52|0x0000000707200000, 0x0000000707200000, 0x0000000707400000|  0%| F|  |TAMS 0x0000000707200000, 0x0000000707200000| Untracked 
|  53|0x0000000707400000, 0x0000000707400000, 0x0000000707600000|  0%| F|  |TAMS 0x0000000707400000, 0x0000000707400000| Untracked 
|  54|0x0000000707600000, 0x0000000707600000, 0x0000000707800000|  0%| F|  |TAMS 0x0000000707600000, 0x0000000707600000| Untracked 
|  55|0x0000000707800000, 0x0000000707800000, 0x0000000707a00000|  0%| F|  |TAMS 0x0000000707800000, 0x0000000707800000| Untracked 
|  56|0x0000000707a00000, 0x0000000707a00000, 0x0000000707c00000|  0%| F|  |TAMS 0x0000000707a00000, 0x0000000707a00000| Untracked 
|  57|0x0000000707c00000, 0x0000000707c00000, 0x0000000707e00000|  0%| F|  |TAMS 0x0000000707c00000, 0x0000000707c00000| Untracked 
|  58|0x0000000707e00000, 0x0000000707e00000, 0x0000000708000000|  0%| F|  |TAMS 0x0000000707e00000, 0x0000000707e00000| Untracked 
|  59|0x0000000708000000, 0x0000000708000000, 0x0000000708200000|  0%| F|  |TAMS 0x0000000708000000, 0x0000000708000000| Untracked 
|  60|0x0000000708200000, 0x0000000708200000, 0x0000000708400000|  0%| F|  |TAMS 0x0000000708200000, 0x0000000708200000| Untracked 
|  61|0x0000000708400000, 0x0000000708400000, 0x0000000708600000|  0%| F|  |TAMS 0x0000000708400000, 0x0000000708400000| Untracked 
|  62|0x0000000708600000, 0x0000000708600000, 0x0000000708800000|  0%| F|  |TAMS 0x0000000708600000, 0x0000000708600000| Untracked 
|  63|0x0000000708800000, 0x0000000708800000, 0x0000000708a00000|  0%| F|  |TAMS 0x0000000708800000, 0x0000000708800000| Untracked 
|  64|0x0000000708a00000, 0x0000000708a00000, 0x0000000708c00000|  0%| F|  |TAMS 0x0000000708a00000, 0x0000000708a00000| Untracked 
|  65|0x0000000708c00000, 0x0000000708c00000, 0x0000000708e00000|  0%| F|  |TAMS 0x0000000708c00000, 0x0000000708c00000| Untracked 
|  66|0x0000000708e00000, 0x0000000708e00000, 0x0000000709000000|  0%| F|  |TAMS 0x0000000708e00000, 0x0000000708e00000| Untracked 
|  67|0x0000000709000000, 0x0000000709000000, 0x0000000709200000|  0%| F|  |TAMS 0x0000000709000000, 0x0000000709000000| Untracked 
|  68|0x0000000709200000, 0x0000000709200000, 0x0000000709400000|  0%| F|  |TAMS 0x0000000709200000, 0x0000000709200000| Untracked 
|  69|0x0000000709400000, 0x0000000709400000, 0x0000000709600000|  0%| F|  |TAMS 0x0000000709400000, 0x0000000709400000| Untracked 
|  70|0x0000000709600000, 0x0000000709600000, 0x0000000709800000|  0%| F|  |TAMS 0x0000000709600000, 0x0000000709600000| Untracked 
|  71|0x0000000709800000, 0x0000000709800000, 0x0000000709a00000|  0%| F|  |TAMS 0x0000000709800000, 0x0000000709800000| Untracked 
|  72|0x0000000709a00000, 0x0000000709a00000, 0x0000000709c00000|  0%| F|  |TAMS 0x0000000709a00000, 0x0000000709a00000| Untracked 
|  73|0x0000000709c00000, 0x0000000709c00000, 0x0000000709e00000|  0%| F|  |TAMS 0x0000000709c00000, 0x0000000709c00000| Untracked 
|  74|0x0000000709e00000, 0x0000000709e00000, 0x000000070a000000|  0%| F|  |TAMS 0x0000000709e00000, 0x0000000709e00000| Untracked 
|  75|0x000000070a000000, 0x000000070a000000, 0x000000070a200000|  0%| F|  |TAMS 0x000000070a000000, 0x000000070a000000| Untracked 
|  76|0x000000070a200000, 0x000000070a200000, 0x000000070a400000|  0%| F|  |TAMS 0x000000070a200000, 0x000000070a200000| Untracked 
|  77|0x000000070a400000, 0x000000070a400000, 0x000000070a600000|  0%| F|  |TAMS 0x000000070a400000, 0x000000070a400000| Untracked 
|  78|0x000000070a600000, 0x000000070a600000, 0x000000070a800000|  0%| F|  |TAMS 0x000000070a600000, 0x000000070a600000| Untracked 
|  79|0x000000070a800000, 0x000000070a800000, 0x000000070aa00000|  0%| F|  |TAMS 0x000000070a800000, 0x000000070a800000| Untracked 
|  80|0x000000070aa00000, 0x000000070aa00000, 0x000000070ac00000|  0%| F|  |TAMS 0x000000070aa00000, 0x000000070aa00000| Untracked 
|  81|0x000000070ac00000, 0x000000070ac00000, 0x000000070ae00000|  0%| F|  |TAMS 0x000000070ac00000, 0x000000070ac00000| Untracked 
|  82|0x000000070ae00000, 0x000000070ae00000, 0x000000070b000000|  0%| F|  |TAMS 0x000000070ae00000, 0x000000070ae00000| Untracked 
|  83|0x000000070b000000, 0x000000070b000000, 0x000000070b200000|  0%| F|  |TAMS 0x000000070b000000, 0x000000070b000000| Untracked 
|  84|0x000000070b200000, 0x000000070b200000, 0x000000070b400000|  0%| F|  |TAMS 0x000000070b200000, 0x000000070b200000| Untracked 
|  85|0x000000070b400000, 0x000000070b400000, 0x000000070b600000|  0%| F|  |TAMS 0x000000070b400000, 0x000000070b400000| Untracked 
|  86|0x000000070b600000, 0x000000070b600000, 0x000000070b800000|  0%| F|  |TAMS 0x000000070b600000, 0x000000070b600000| Untracked 
|  87|0x000000070b800000, 0x000000070b800000, 0x000000070ba00000|  0%| F|  |TAMS 0x000000070b800000, 0x000000070b800000| Untracked 
|  88|0x000000070ba00000, 0x000000070ba00000, 0x000000070bc00000|  0%| F|  |TAMS 0x000000070ba00000, 0x000000070ba00000| Untracked 
|  89|0x000000070bc00000, 0x000000070bc00000, 0x000000070be00000|  0%| F|  |TAMS 0x000000070bc00000, 0x000000070bc00000| Untracked 
|  90|0x000000070be00000, 0x000000070be00000, 0x000000070c000000|  0%| F|  |TAMS 0x000000070be00000, 0x000000070be00000| Untracked 
|  91|0x000000070c000000, 0x000000070c000000, 0x000000070c200000|  0%| F|  |TAMS 0x000000070c000000, 0x000000070c000000| Untracked 
|  92|0x000000070c200000, 0x000000070c200000, 0x000000070c400000|  0%| F|  |TAMS 0x000000070c200000, 0x000000070c200000| Untracked 
|  93|0x000000070c400000, 0x000000070c400000, 0x000000070c600000|  0%| F|  |TAMS 0x000000070c400000, 0x000000070c400000| Untracked 
|  94|0x000000070c600000, 0x000000070c600000, 0x000000070c800000|  0%| F|  |TAMS 0x000000070c600000, 0x000000070c600000| Untracked 
|  95|0x000000070c800000, 0x000000070c800000, 0x000000070ca00000|  0%| F|  |TAMS 0x000000070c800000, 0x000000070c800000| Untracked 
|  96|0x000000070ca00000, 0x000000070ca00000, 0x000000070cc00000|  0%| F|  |TAMS 0x000000070ca00000, 0x000000070ca00000| Untracked 
|  97|0x000000070cc00000, 0x000000070cc00000, 0x000000070ce00000|  0%| F|  |TAMS 0x000000070cc00000, 0x000000070cc00000| Untracked 
|  98|0x000000070ce00000, 0x000000070ce00000, 0x000000070d000000|  0%| F|  |TAMS 0x000000070ce00000, 0x000000070ce00000| Untracked 
|  99|0x000000070d000000, 0x000000070d000000, 0x000000070d200000|  0%| F|  |TAMS 0x000000070d000000, 0x000000070d000000| Untracked 
| 100|0x000000070d200000, 0x000000070d200000, 0x000000070d400000|  0%| F|  |TAMS 0x000000070d200000, 0x000000070d200000| Untracked 
| 101|0x000000070d400000, 0x000000070d400000, 0x000000070d600000|  0%| F|  |TAMS 0x000000070d400000, 0x000000070d400000| Untracked 
| 102|0x000000070d600000, 0x000000070d600000, 0x000000070d800000|  0%| F|  |TAMS 0x000000070d600000, 0x000000070d600000| Untracked 
| 103|0x000000070d800000, 0x000000070d800000, 0x000000070da00000|  0%| F|  |TAMS 0x000000070d800000, 0x000000070d800000| Untracked 
| 104|0x000000070da00000, 0x000000070da00000, 0x000000070dc00000|  0%| F|  |TAMS 0x000000070da00000, 0x000000070da00000| Untracked 
| 105|0x000000070dc00000, 0x000000070dc00000, 0x000000070de00000|  0%| F|  |TAMS 0x000000070dc00000, 0x000000070dc00000| Untracked 
| 106|0x000000070de00000, 0x000000070de00000, 0x000000070e000000|  0%| F|  |TAMS 0x000000070de00000, 0x000000070de00000| Untracked 
| 107|0x000000070e000000, 0x000000070e000000, 0x000000070e200000|  0%| F|  |TAMS 0x000000070e000000, 0x000000070e000000| Untracked 
| 108|0x000000070e200000, 0x000000070e200000, 0x000000070e400000|  0%| F|  |TAMS 0x000000070e200000, 0x000000070e200000| Untracked 
| 109|0x000000070e400000, 0x000000070e400000, 0x000000070e600000|  0%| F|  |TAMS 0x000000070e400000, 0x000000070e400000| Untracked 
| 110|0x000000070e600000, 0x000000070e600000, 0x000000070e800000|  0%| F|  |TAMS 0x000000070e600000, 0x000000070e600000| Untracked 
| 111|0x000000070e800000, 0x000000070e800000, 0x000000070ea00000|  0%| F|  |TAMS 0x000000070e800000, 0x000000070e800000| Untracked 
| 112|0x000000070ea00000, 0x000000070ea00000, 0x000000070ec00000|  0%| F|  |TAMS 0x000000070ea00000, 0x000000070ea00000| Untracked 
| 113|0x000000070ec00000, 0x000000070ec00000, 0x000000070ee00000|  0%| F|  |TAMS 0x000000070ec00000, 0x000000070ec00000| Untracked 
| 114|0x000000070ee00000, 0x000000070ee00000, 0x000000070f000000|  0%| F|  |TAMS 0x000000070ee00000, 0x000000070ee00000| Untracked 
| 115|0x000000070f000000, 0x000000070f000000, 0x000000070f200000|  0%| F|  |TAMS 0x000000070f000000, 0x000000070f000000| Untracked 
| 116|0x000000070f200000, 0x000000070f200000, 0x000000070f400000|  0%| F|  |TAMS 0x000000070f200000, 0x000000070f200000| Untracked 
| 117|0x000000070f400000, 0x000000070f400000, 0x000000070f600000|  0%| F|  |TAMS 0x000000070f400000, 0x000000070f400000| Untracked 
| 118|0x000000070f600000, 0x000000070f600000, 0x000000070f800000|  0%| F|  |TAMS 0x000000070f600000, 0x000000070f600000| Untracked 
| 119|0x000000070f800000, 0x000000070f800000, 0x000000070fa00000|  0%| F|  |TAMS 0x000000070f800000, 0x000000070f800000| Untracked 
| 120|0x000000070fa00000, 0x000000070fa00000, 0x000000070fc00000|  0%| F|  |TAMS 0x000000070fa00000, 0x000000070fa00000| Untracked 
| 121|0x000000070fc00000, 0x000000070fc00000, 0x000000070fe00000|  0%| F|  |TAMS 0x000000070fc00000, 0x000000070fc00000| Untracked 
| 122|0x000000070fe00000, 0x000000070fe00000, 0x0000000710000000|  0%| F|  |TAMS 0x000000070fe00000, 0x000000070fe00000| Untracked 
| 123|0x0000000710000000, 0x0000000710000000, 0x0000000710200000|  0%| F|  |TAMS 0x0000000710000000, 0x0000000710000000| Untracked 
| 124|0x0000000710200000, 0x0000000710200000, 0x0000000710400000|  0%| F|  |TAMS 0x0000000710200000, 0x0000000710200000| Untracked 
| 125|0x0000000710400000, 0x0000000710400000, 0x0000000710600000|  0%| F|  |TAMS 0x0000000710400000, 0x0000000710400000| Untracked 
| 126|0x0000000710600000, 0x0000000710678b90, 0x0000000710800000| 23%| E|  |TAMS 0x0000000710600000, 0x0000000710600000| Complete 
| 127|0x0000000710800000, 0x0000000710a00000, 0x0000000710a00000|100%| E|CS|TAMS 0x0000000710800000, 0x0000000710800000| Complete 

Card table byte_map: [0x0000017e5d720000,0x0000017e5df20000] _byte_map_base: 0x0000017e59f1b000

Marking Bits (Prev, Next): (CMBitMap*) 0x0000017e457e96f0, (CMBitMap*) 0x0000017e457e9730
 Prev Bits: [0x0000017e5e720000, 0x0000017e626f8000)
 Next Bits: [0x0000017e62700000, 0x0000017e666d8000)

Polling page: 0x0000017e43500000

Metaspace:

Usage:
  Non-class:      4.13 MB capacity,   581.50 KB ( 14%) used,     3.56 MB ( 86%) free+waste,   384 bytes ( <1%) overhead. 
      Class:    425.00 KB capacity,    57.65 KB ( 14%) used,   366.91 KB ( 86%) free+waste,   448 bytes ( <1%) overhead. 
       Both:      4.55 MB capacity,   639.15 KB ( 14%) used,     3.92 MB ( 86%) free+waste,   832 bytes ( <1%) overhead. 

Virtual space:
  Non-class space:        8.00 MB reserved,       4.25 MB ( 53%) committed 
      Class space:        1.00 GB reserved,     512.00 KB ( <1%) committed 
             Both:        1.01 GB reserved,       4.75 MB ( <1%) committed 

Chunk freelists:
   Non-Class:  58.00 KB
       Class:  23.00 KB
        Both:  81.00 KB

MaxMetaspaceSize: 17179869184.00 GB
CompressedClassSpaceSize: 1.00 GB

CodeHeap 'non-profiled nmethods': size=120000Kb used=65Kb max_used=65Kb free=119934Kb
 bounds [0x0000017e554a0000, 0x0000017e55710000, 0x0000017e5c9d0000]
CodeHeap 'profiled nmethods': size=120000Kb used=257Kb max_used=257Kb free=119742Kb
 bounds [0x0000017e4df70000, 0x0000017e4e1e0000, 0x0000017e554a0000]
CodeHeap 'non-nmethods': size=5760Kb used=1197Kb max_used=1209Kb free=4562Kb
 bounds [0x0000017e4d9d0000, 0x0000017e4dc40000, 0x0000017e4df70000]
 total_blobs=567 nmethods=216 adapters=264
 compilation: enabled
              stopped_count=0, restarted_count=0
 full_count=0

Compilation events (20 events):
Event: 0.258 Thread 0x0000017e69bae6f0  206       3       java.lang.StringBuilder::toString (35 bytes)
Event: 0.259 Thread 0x0000017e69bae6f0 nmethod 206 0x0000017e4dfac390 code [0x0000017e4dfac560, 0x0000017e4dfac818]
Event: 0.260 Thread 0x0000017e69bae6f0  207       3       java.lang.StringBuilder::<init> (7 bytes)
Event: 0.260 Thread 0x0000017e69bae6f0 nmethod 207 0x0000017e4dfac910 code [0x0000017e4dfacac0, 0x0000017e4dfacc08]
Event: 0.263 Thread 0x0000017e69bae6f0  209       3       java.lang.String::charAt (25 bytes)
Event: 0.264 Thread 0x0000017e69bae6f0 nmethod 209 0x0000017e4dfacc90 code [0x0000017e4dface80, 0x0000017e4dfad3b8]
Event: 0.267 Thread 0x0000017e69bae6f0  210       3       java.lang.String::startsWith (138 bytes)
Event: 0.268 Thread 0x0000017e69bae6f0 nmethod 210 0x0000017e4dfad610 code [0x0000017e4dfad820, 0x0000017e4dfae058]
Event: 0.268 Thread 0x0000017e69bae6f0  211       1       java.net.URL::getProtocol (5 bytes)
Event: 0.268 Thread 0x0000017e69bae6f0 nmethod 211 0x0000017e554b0090 code [0x0000017e554b0220, 0x0000017e554b02d8]
Event: 0.269 Thread 0x0000017e69bae6f0  212       3       java.lang.AbstractStringBuilder::newCapacity (59 bytes)
Event: 0.269 Thread 0x0000017e69bae6f0 nmethod 212 0x0000017e4dfae310 code [0x0000017e4dfae500, 0x0000017e4dfaeab8]
Event: 0.536 Thread 0x0000017e69bae6f0  213       3       java.lang.String::lastIndexOf (29 bytes)
Event: 0.536 Thread 0x0000017e69bae6f0 nmethod 213 0x0000017e4dfaed10 code [0x0000017e4dfaeee0, 0x0000017e4dfaf198]
Event: 0.536 Thread 0x0000017e69bae6f0  214       3       java.lang.StringLatin1::indexOf (121 bytes)
Event: 0.536 Thread 0x0000017e69bae6f0 nmethod 214 0x0000017e4dfaf290 code [0x0000017e4dfaf460, 0x0000017e4dfaf958]
Event: 0.537 Thread 0x0000017e69bae6f0  215       3       jdk.internal.misc.Unsafe::allocateUninitializedArray0 (90 bytes)
Event: 0.537 Thread 0x0000017e69bae6f0 nmethod 215 0x0000017e4dfafb90 code [0x0000017e4dfafd80, 0x0000017e4dfb0638]
Event: 877.535 Thread 0x0000017e69bae6f0  216       1       java.lang.Class::getModule (5 bytes)
Event: 877.535 Thread 0x0000017e69bae6f0 nmethod 216 0x0000017e554b0390 code [0x0000017e554b0520, 0x0000017e554b05d8]

GC Heap History (0 events):
No events

Deoptimization events (12 events):
Event: 0.232 Thread 0x0000017e45797980 Uncommon trap: trap_request=0xffffff45 fr.pc=0x0000017e554aafdc relative=0x000000000000005c
Event: 0.232 Thread 0x0000017e45797980 Uncommon trap: reason=unstable_if action=reinterpret pc=0x0000017e554aafdc method=java.lang.String.isLatin1()Z @ 10 c2
Event: 0.232 Thread 0x0000017e45797980 DEOPT PACKING pc=0x0000017e554aafdc sp=0x0000005e747fcbe0
Event: 0.232 Thread 0x0000017e45797980 DEOPT UNPACKING pc=0x0000017e4da1e42f sp=0x0000005e747fcb80 mode 2
Event: 0.263 Thread 0x0000017e45797980 Uncommon trap: trap_request=0xffffff45 fr.pc=0x0000017e554aee00 relative=0x00000000000000e0
Event: 0.263 Thread 0x0000017e45797980 Uncommon trap: reason=unstable_if action=reinterpret pc=0x0000017e554aee00 method=java.lang.String.charAt(I)C @ 4 c2
Event: 0.263 Thread 0x0000017e45797980 DEOPT PACKING pc=0x0000017e554aee00 sp=0x0000005e747ff130
Event: 0.263 Thread 0x0000017e45797980 DEOPT UNPACKING pc=0x0000017e4da1e42f sp=0x0000005e747ff0e0 mode 2
Event: 0.536 Thread 0x0000017e45797980 Uncommon trap: trap_request=0xffffffde fr.pc=0x0000017e554ad8bc relative=0x00000000000009dc
Event: 0.536 Thread 0x0000017e45797980 Uncommon trap: reason=class_check action=maybe_recompile pc=0x0000017e554ad8bc method=java.util.HashMap.putVal(ILjava/lang/Object;Ljava/lang/Object;ZZ)Ljava/lang/Object; @ 152 c2
Event: 0.536 Thread 0x0000017e45797980 DEOPT PACKING pc=0x0000017e554ad8bc sp=0x0000005e747fd830
Event: 0.536 Thread 0x0000017e45797980 DEOPT UNPACKING pc=0x0000017e4da1e42f sp=0x0000005e747fd7d0 mode 2

Classes unloaded (0 events):
No events

Classes redefined (2 events):
Event: 877.535 Thread 0x0000017e6938a1a0 redefined class name=parser.constructs.Prog, count=1
Event: 982.785 Thread 0x0000017e6938a1a0 redefined class name=parser.constructs.Prog, count=2

Internal exceptions (0 events):
No events

Events (20 events):
Event: 982.787 Executing VM operation: GetFrameCount
Event: 982.787 Executing VM operation: GetFrameCount done
Event: 982.787 Executing VM operation: GetFrameCount
Event: 982.787 Executing VM operation: GetFrameCount done
Event: 982.787 Executing VM operation: GetStackTrace
Event: 982.787 Executing VM operation: GetStackTrace done
Event: 982.825 Executing VM operation: ChangeBreakpoints
Event: 982.825 Executing VM operation: ChangeBreakpoints done
Event: 982.830 Executing VM operation: ChangeBreakpoints
Event: 982.830 Executing VM operation: ChangeBreakpoints done
Event: 982.831 Executing VM operation: ChangeBreakpoints
Event: 982.831 Executing VM operation: ChangeBreakpoints done
Event: 982.833 Executing VM operation: ChangeBreakpoints
Event: 982.833 Executing VM operation: ChangeBreakpoints done
Event: 982.834 Executing VM operation: ChangeBreakpoints
Event: 982.834 Executing VM operation: ChangeBreakpoints done
Event: 982.839 Executing VM operation: GetFrameCount
Event: 982.839 Executing VM operation: GetFrameCount done
Event: 982.839 Executing VM operation: GetStackTrace
Event: 982.839 Executing VM operation: GetStackTrace done


Dynamic libraries:
0x00007ff78c9c0000 - 0x00007ff78c9cf000 	C:\Program Files\Java\jdk-15\bin\java.exe
0x00007ffaab5d0000 - 0x00007ffaab7c6000 	C:\Windows\SYSTEM32\ntdll.dll
0x00007ffaaa000000 - 0x00007ffaaa0bd000 	C:\Windows\System32\KERNEL32.DLL
0x00007ffaa8d10000 - 0x00007ffaa8fd9000 	C:\Windows\System32\KERNELBASE.dll
0x00007ffaa90e0000 - 0x00007ffaa91e0000 	C:\Windows\System32\ucrtbase.dll
0x00007ffaa4780000 - 0x00007ffaa4799000 	C:\Program Files\Java\jdk-15\bin\VCRUNTIME140.dll
0x00007ffaa40a0000 - 0x00007ffaa40b8000 	C:\Program Files\Java\jdk-15\bin\jli.dll
0x00007ffaaa220000 - 0x00007ffaaa2cc000 	C:\Windows\System32\ADVAPI32.dll
0x00007ffaaa2d0000 - 0x00007ffaaa36e000 	C:\Windows\System32\msvcrt.dll
0x00007ffaab060000 - 0x00007ffaab0fc000 	C:\Windows\System32\sechost.dll
0x00007ffaaa0f0000 - 0x00007ffaaa21b000 	C:\Windows\System32\RPCRT4.dll
0x00007ffaaadf0000 - 0x00007ffaaaf90000 	C:\Windows\System32\USER32.dll
0x00007ffaa9010000 - 0x00007ffaa9032000 	C:\Windows\System32\win32u.dll
0x00007ffaaa380000 - 0x00007ffaaa3aa000 	C:\Windows\System32\GDI32.dll
0x00007ffa92980000 - 0x00007ffa92c1b000 	C:\Windows\WinSxS\amd64_microsoft.windows.common-controls_6595b64144ccf1df_6.0.19041.746_none_ca02b4b61b8320a4\COMCTL32.dll
0x00007ffaa94d0000 - 0x00007ffaa95db000 	C:\Windows\System32\gdi32full.dll
0x00007ffaa9040000 - 0x00007ffaa90dd000 	C:\Windows\System32\msvcp_win.dll
0x00007ffaa2da0000 - 0x00007ffaa2daa000 	C:\Windows\SYSTEM32\VERSION.dll
0x00007ffaaa0c0000 - 0x00007ffaaa0f0000 	C:\Windows\System32\IMM32.DLL
0x00007ffaa6200000 - 0x00007ffaa620c000 	C:\Program Files\Java\jdk-15\bin\vcruntime140_1.dll
0x00007ffa96030000 - 0x00007ffa960c1000 	C:\Program Files\Java\jdk-15\bin\msvcp140.dll
0x00007ffa64050000 - 0x00007ffa64bac000 	C:\Program Files\Java\jdk-15\bin\server\jvm.dll
0x00007ffaab580000 - 0x00007ffaab588000 	C:\Windows\System32\PSAPI.DLL
0x00007ffaa40e0000 - 0x00007ffaa40e9000 	C:\Windows\SYSTEM32\WSOCK32.dll
0x00007ffa989e0000 - 0x00007ffa98a07000 	C:\Windows\SYSTEM32\WINMM.dll
0x00007ffaaab80000 - 0x00007ffaaabeb000 	C:\Windows\System32\WS2_32.dll
0x00007ffaa6c90000 - 0x00007ffaa6ca2000 	C:\Windows\SYSTEM32\kernel.appcore.dll
0x00007ffaa61a0000 - 0x00007ffaa61aa000 	C:\Program Files\Java\jdk-15\bin\jimage.dll
0x00007ffa94730000 - 0x00007ffa94914000 	C:\Windows\SYSTEM32\DBGHELP.DLL
0x00007ffa931d0000 - 0x00007ffa931fc000 	C:\Windows\SYSTEM32\dbgcore.DLL
0x00007ffaa9450000 - 0x00007ffaa94d0000 	C:\Windows\System32\bcryptPrimitives.dll
0x00007ffa96e40000 - 0x00007ffa96e79000 	C:\Program Files\Java\jdk-15\bin\jdwp.dll
0x00007ffaa40f0000 - 0x00007ffaa40fe000 	C:\Program Files\Java\jdk-15\bin\instrument.dll
0x00007ffaa3be0000 - 0x00007ffaa3c05000 	C:\Program Files\Java\jdk-15\bin\java.dll
0x00007ffaaa3d0000 - 0x00007ffaaab13000 	C:\Windows\System32\SHELL32.dll
0x00007ffaa6e90000 - 0x00007ffaa761f000 	C:\Windows\SYSTEM32\windows.storage.dll
0x00007ffaa9710000 - 0x00007ffaa9a66000 	C:\Windows\System32\combase.dll
0x00007ffaa8770000 - 0x00007ffaa879c000 	C:\Windows\SYSTEM32\Wldp.dll
0x00007ffaab340000 - 0x00007ffaab3ee000 	C:\Windows\System32\SHCORE.dll
0x00007ffaaab20000 - 0x00007ffaaab75000 	C:\Windows\System32\shlwapi.dll
0x00007ffaa8c40000 - 0x00007ffaa8c66000 	C:\Windows\SYSTEM32\profapi.dll
0x00007ffaa4090000 - 0x00007ffaa409b000 	C:\Program Files\Java\jdk-15\bin\dt_socket.dll
0x00007ffaa8190000 - 0x00007ffaa81cb000 	C:\Windows\SYSTEM32\IPHLPAPI.DLL
0x00007ffaa84f0000 - 0x00007ffaa855a000 	C:\Windows\system32\mswsock.dll
0x00007ffa96e10000 - 0x00007ffa96e28000 	C:\Program Files\Java\jdk-15\bin\zip.dll
0x00007ffaa3cb0000 - 0x00007ffaa3cc9000 	C:\Program Files\Java\jdk-15\bin\net.dll
0x00007ffa9e1d0000 - 0x00007ffa9e2d0000 	C:\Windows\SYSTEM32\WINHTTP.dll
0x00007ffaa2ac0000 - 0x00007ffaa2ad2000 	C:\Program Files\Java\jdk-15\bin\nio.dll

dbghelp: loaded successfully - version: 4.0.5 - missing functions: none
symbol engine: initialized successfully - sym options: 0x614 - pdb path: .;C:\Program Files\Java\jdk-15\bin;C:\Windows\SYSTEM32;C:\Windows\WinSxS\amd64_microsoft.windows.common-controls_6595b64144ccf1df_6.0.19041.746_none_ca02b4b61b8320a4;C:\Program Files\Java\jdk-15\bin\server

VM Arguments:
jvm_args: -agentlib:jdwp=transport=dt_socket,address=127.0.0.1:55176,suspend=y,server=n -javaagent:C:\Users\lucas\AppData\Local\JetBrains\IntelliJIdea2020.2\captureAgent\debugger-agent.jar -Dfile.encoding=UTF-8 
java_command: calc.Calc test/redFuncs.calc
java_class_path (initial): C:\Users\lucas\Documents\IMT\lang\Calc\out\production\Calc;C:\Program Files\JetBrains\IntelliJ IDEA 2020.2.4\lib\idea_rt.jar
Launcher Type: SUN_STANDARD

[Global flags]
     intx CICompilerCount                          = 4                                         {product} {ergonomic}
     uint ConcGCThreads                            = 3                                         {product} {ergonomic}
     uint G1ConcRefinementThreads                  = 10                                        {product} {ergonomic}
   size_t G1HeapRegionSize                         = 2097152                                   {product} {ergonomic}
    uintx GCDrainStackTargetSize                   = 64                                        {product} {ergonomic}
   size_t InitialHeapSize                          = 268435456                                 {product} {ergonomic}
   size_t MarkStackSize                            = 4194304                                   {product} {ergonomic}
   size_t MaxHeapSize                              = 4284481536                                {product} {ergonomic}
   size_t MaxNewSize                               = 2569011200                                {product} {ergonomic}
   size_t MinHeapDeltaBytes                        = 2097152                                   {product} {ergonomic}
   size_t MinHeapSize                              = 8388608                                   {product} {ergonomic}
    uintx NonNMethodCodeHeapSize                   = 5839372                                {pd product} {ergonomic}
    uintx NonProfiledCodeHeapSize                  = 122909434                              {pd product} {ergonomic}
    uintx ProfiledCodeHeapSize                     = 122909434                              {pd product} {ergonomic}
    uintx ReservedCodeCacheSize                    = 251658240                              {pd product} {ergonomic}
     bool SegmentedCodeCache                       = true                                      {product} {ergonomic}
   size_t SoftMaxHeapSize                          = 4284481536                             {manageable} {ergonomic}
     bool UseCompressedClassPointers               = true                                 {lp64_product} {ergonomic}
     bool UseCompressedOops                        = true                                 {lp64_product} {ergonomic}
     bool UseG1GC                                  = true                                      {product} {ergonomic}
     bool UseLargePagesIndividualAllocation        = false                                  {pd product} {ergonomic}

Logging:
Log output configuration:
 #0: stdout all=warning uptime,level,tags
 #1: stderr all=off uptime,level,tags

Environment Variables:
PATH=C:\Python38\Scripts\;C:\Python38\;C:\Windows\system32;C:\Windows;C:\Windows\System32\Wbem;C:\Windows\System32\WindowsPowerShell\v1.0\;C:\Windows\System32\OpenSSH\;C:\Program Files\NVIDIA Corporation\NVIDIA NvDLISR;C:\Program Files\PuTTY\;C:\Program Files (x86)\NVIDIA Corporation\PhysX\Common;C:\Program Files\Git\cmd;C:\Program Files\nodejs\;C:\ProgramData\chocolatey\bin;C:\xampp7.4\php;C:\Composer;C:\gradle\bin;C:\Program Files\OpenSSL-Win64\bin;C:\Program Files\Symfony;C:\Program Files\Java\jdk-11.0.9\bin;C:\Coq\bin;C:\Users\lucas\AppData\Local\Microsoft\WindowsApps;C:\Users\lucas\AppData\Local\Programs\Microsoft VS Code\bin;C:\Users\lucas\AppData\Roaming\npm;C:\MinGW\bin;C:\Users\lucas\AppData\Local\GitHubDesktop\bin;;C:\Users\lucas\AppData\Local\hyper\app-3.0.2\resources\bin;C:\Program Files\JetBrains\PhpStorm 2020.3\bin;;C:\Program Files\JetBrains\WebStorm 2020.3\bin;
USERNAME=lucas
OS=Windows_NT
PROCESSOR_IDENTIFIER=AMD64 Family 23 Model 113 Stepping 0, AuthenticAMD



---------------  S Y S T E M  ---------------

OS:
 Windows 10 , 64 bit Build 19041 (10.0.19041.662)
OS uptime: 0 days 11:23 hours

CPU: total 12 (initial active 12) (12 cores per cpu, 2 threads per core) family 23 model 113 stepping 0, cmov, cx8, fxsr, mmx, sse, sse2, sse3, ssse3, sse4.1, sse4.2, popcnt, vzeroupper, avx, avx2, aes, clmul, 3dnowpref, lzcnt, sse4a, ht, tsc, tscinvbit, tscinv, bmi1, bmi2, adx, sha, fma, clflush, clflushopt

Memory: 4k page, system-wide physical 16336M (8957M free)
TotalPageFile size 18768M (AvailPageFile size 6532M)
current process WorkingSet (physical memory assigned to process): 33M, peak: 34M
current process commit charge ("private bytes"): 351M, peak: 353M

vm_info: Java HotSpot(TM) 64-Bit Server VM (15+36-1562) for windows-amd64 JRE (15+36-1562), built on Aug 11 2020 22:38:02 by "mach5one" with unknown MS VC++:1925

END.
